<?xml version="1.0" encoding="utf-8"?><testsuites><testsuite name="pytest" errors="0" failures="0" skipped="0" tests="3" time="0.062" timestamp="2024-01-10T08:07:15.764712" hostname="jean-GP60-2QE"><testcase classname="test_calc.TestSomme" name="test_somme" time="0.001" /><testcase classname="test_calc.TestSomme" name="test_somme_erreur" time="0.001" /><testcase classname="test_calc2" name="test_somme" time="0.001" /></testsuite></testsuites>