<?xml version="1.0" encoding="utf-8"?><testsuites><testsuite name="pytest" errors="0" failures="0" skipped="0" tests="4" time="0.085" timestamp="2024-01-10T09:20:21.626246" hostname="jean-GP60-2QE"><testcase classname="tests.tests_unit.test_calc.TestSomme" name="test_somme" time="0.002" /><testcase classname="tests.tests_unit.test_calc.TestSomme" name="test_somme_erreur" time="0.002" /><testcase classname="tests.tests_unit.test_calc2" name="test_somme" time="0.001" /><testcase classname="tests.tests_unit.test_calc2" name="test_soustraction" time="0.001" /></testsuite></testsuites>